0 info it worked if it ends with ok
1 verbose cli [ '/Users/harapeko/.nodebrew/node/v6.9.1/bin/node',
1 verbose cli   '/Users/harapeko/.nodebrew/current/bin/npm',
1 verbose cli   'run',
1 verbose cli   'start' ]
2 info using npm@3.10.8
3 info using node@v6.9.1
4 verbose run-script [ 'prestart', 'start', 'poststart' ]
5 info lifecycle node-sample@1.0.0~prestart: node-sample@1.0.0
6 silly lifecycle node-sample@1.0.0~prestart: no script for prestart, continuing
7 info lifecycle node-sample@1.0.0~start: node-sample@1.0.0
8 verbose lifecycle node-sample@1.0.0~start: unsafe-perm in lifecycle true
9 verbose lifecycle node-sample@1.0.0~start: PATH: /Users/harapeko/.nodebrew/node/v6.9.1/lib/node_modules/npm/bin/node-gyp-bin:/Users/harapeko/hobby/node-sample/node_modules/.bin:/Users/harapeko/.nodebrew/node/v6.9.1/bin:/Users/harapeko/.gvm/vertx/current/bin:/Users/harapeko/.gvm/springboot/current/bin:/Users/harapeko/.gvm/lazybones/current/bin:/Users/harapeko/.gvm/jbake/current/bin:/Users/harapeko/.gvm/groovyserv/current/bin:/Users/harapeko/.gvm/groovy/current/bin:/Users/harapeko/.gvm/griffon/current/bin:/Users/harapeko/.gvm/grails/current/bin:/Users/harapeko/.gvm/gradle/current/bin:/Users/harapeko/.gvm/glide/current/bin:/Users/harapeko/.gvm/gaiden/current/bin:/Users/harapeko/.gvm/crash/current/bin:/Users/harapeko/.gvm/asciidoctorj/current/bin:/Users/harapeko/.nodebrew/current/bin:/Users/harapeko/.rbenv/shims:/Users/harapeko/.rbenv/bin:/Users/harapeko/.rbenv/shims:/usr/local/bin:/usr/local/sbin:/usr/bin:/bin:/usr/sbin:/sbin:/usr/local/MacGPG2/bin:/usr/local/share/git-core/contrib/diff-highlight
10 verbose lifecycle node-sample@1.0.0~start: CWD: /Users/harapeko/hobby/node-sample
11 silly lifecycle node-sample@1.0.0~start: Args: [ '-c', 'node app.js' ]
12 silly lifecycle node-sample@1.0.0~start: Returned: code: 1  signal: null
13 info lifecycle node-sample@1.0.0~start: Failed to exec start script
14 verbose stack Error: node-sample@1.0.0 start: `node app.js`
14 verbose stack Exit status 1
14 verbose stack     at EventEmitter.<anonymous> (/Users/harapeko/.nodebrew/node/v6.9.1/lib/node_modules/npm/lib/utils/lifecycle.js:255:16)
14 verbose stack     at emitTwo (events.js:106:13)
14 verbose stack     at EventEmitter.emit (events.js:191:7)
14 verbose stack     at ChildProcess.<anonymous> (/Users/harapeko/.nodebrew/node/v6.9.1/lib/node_modules/npm/lib/utils/spawn.js:40:14)
14 verbose stack     at emitTwo (events.js:106:13)
14 verbose stack     at ChildProcess.emit (events.js:191:7)
14 verbose stack     at maybeClose (internal/child_process.js:877:16)
14 verbose stack     at Process.ChildProcess._handle.onexit (internal/child_process.js:226:5)
15 verbose pkgid node-sample@1.0.0
16 verbose cwd /Users/harapeko/hobby/node-sample
17 error Darwin 16.4.0
18 error argv "/Users/harapeko/.nodebrew/node/v6.9.1/bin/node" "/Users/harapeko/.nodebrew/current/bin/npm" "run" "start"
19 error node v6.9.1
20 error npm  v3.10.8
21 error code ELIFECYCLE
22 error node-sample@1.0.0 start: `node app.js`
22 error Exit status 1
23 error Failed at the node-sample@1.0.0 start script 'node app.js'.
23 error Make sure you have the latest version of node.js and npm installed.
23 error If you do, this is most likely a problem with the node-sample package,
23 error not with npm itself.
23 error Tell the author that this fails on your system:
23 error     node app.js
23 error You can get information on how to open an issue for this project with:
23 error     npm bugs node-sample
23 error Or if that isn't available, you can get their info via:
23 error     npm owner ls node-sample
23 error There is likely additional logging output above.
24 verbose exit [ 1, true ]
